<?xml version="1.0" encoding="UTF-8" ?>
<testsuite tests="18" failures="4" name="TestSuite" time="114.45" errors="0" skipped="0">
  <properties>
[...]
</properties>
  <testcase classname="com.qa.testcases.CheckingPageTest" name="checknewlinkpage" time="1.686"/>
  <testcase classname="com.qa.testcases.CheckingPageTest" name="creatingaccount1" time="3.983"/>
  <testcase classname="com.qa.testcases.CheckingPageTest" name="creatingaccount2" time="3.993"/>
  <testcase classname="com.qa.testcases.CheckingPageTest" name="resetaccount" time="2.191"/>
  <testcase classname="com.qa.testcases.HomePageTest" name="welcomeverify" time="10.764"/>
  <testcase classname="com.qa.testcases.HomePageTest" name="welcomeverify" time="12.126"/>
  <testcase classname="com.qa.testcases.HomePageTest" name="welcomeverify" time="0.633"/>
  <testcase classname="com.qa.testcases.HomePageTest" name="verifylogo" time="0.2"/>
  <testcase classname="com.qa.testcases.HomePageTest" name="versionverify" time="0.085"/>
  <testcase classname="com.qa.testcases.HomePageTest" name="dropverify" time="0.154"/>
  <testcase classname="com.qa.testcases.HomePageTest" name="verifysidetitle" time="0.065"/>
  <testcase classname="com.qa.testcases.HomePageTest" name="verifybank" time="0.24"/>
  <testcase classname="com.qa.testcases.SignUpPageTest" name="completeregistration" time="18.02">
    <failure message="element not interactable
  (Session info: chrome=84.0.4147.105)
Build info: version: &apos;3.141.59&apos;, revision: &apos;e82be7d358&apos;, time: &apos;2018-11-14T08:17:03&apos;
System info: host: &apos;LAPTOP-MD35P1KQ&apos;, ip: &apos;192.168.2.202&apos;, os.name: &apos;Windows 10&apos;, os.arch: &apos;amd64&apos;, os.version: &apos;10.0&apos;, java.version: &apos;11.0.2&apos;
Driver info: org.openqa.selenium.chrome.ChromeDriver
Capabilities {acceptInsecureCerts: false, browserName: chrome, browserVersion: 84.0.4147.105, chrome: {chromedriverVersion: 84.0.4147.30 (48b3e868b4cc0..., userDataDir: C:\Users\VARAPR~1\AppData\L...}, goog:chromeOptions: {debuggerAddress: localhost:9380}, javascriptEnabled: true, networkConnectionEnabled: false, pageLoadStrategy: normal, platform: WINDOWS, platformName: WINDOWS, proxy: Proxy(), setWindowRect: true, strictFileInteractability: false, timeouts: {implicit: 0, pageLoad: 300000, script: 30000}, unhandledPromptBehavior: dismiss and notify, webauthn:virtualAuthenticators: true}
Session ID: 5b8b62b2da603b3a050153aadd8c80c3" type="org.openqa.selenium.ElementNotInteractableException">org.openqa.selenium.ElementNotInteractableException: element not interactable
  (Session info: chrome=84.0.4147.105)
Build info: version: &apos;3.141.59&apos;, revision: &apos;e82be7d358&apos;, time: &apos;2018-11-14T08:17:03&apos;
System info: host: &apos;LAPTOP-MD35P1KQ&apos;, ip: &apos;192.168.2.202&apos;, os.name: &apos;Windows 10&apos;, os.arch: &apos;amd64&apos;, os.version: &apos;10.0&apos;, java.version: &apos;11.0.2&apos;
Driver info: org.openqa.selenium.chrome.ChromeDriver
Capabilities {acceptInsecureCerts: false, browserName: chrome, browserVersion: 84.0.4147.105, chrome: {chromedriverVersion: 84.0.4147.30 (48b3e868b4cc0..., userDataDir: C:\Users\VARAPR~1\AppData\L...}, goog:chromeOptions: {debuggerAddress: localhost:9380}, javascriptEnabled: true, networkConnectionEnabled: false, pageLoadStrategy: normal, platform: WINDOWS, platformName: WINDOWS, proxy: Proxy(), setWindowRect: true, strictFileInteractability: false, timeouts: {implicit: 0, pageLoad: 300000, script: 30000}, unhandledPromptBehavior: dismiss and notify, webauthn:virtualAuthenticators: true}
Session ID: 5b8b62b2da603b3a050153aadd8c80c3
	at java.base/jdk.internal.reflect.NativeConstructorAccessorImpl.newInstance0(Native Method)
	at java.base/jdk.internal.reflect.NativeConstructorAccessorImpl.newInstance(NativeConstructorAccessorImpl.java:62)
	at java.base/jdk.internal.reflect.DelegatingConstructorAccessorImpl.newInstance(DelegatingConstructorAccessorImpl.java:45)
	at java.base/java.lang.reflect.Constructor.newInstance(Constructor.java:490)
	at org.openqa.selenium.remote.http.W3CHttpResponseCodec.createException(W3CHttpResponseCodec.java:187)
	at org.openqa.selenium.remote.http.W3CHttpResponseCodec.decode(W3CHttpResponseCodec.java:122)
	at org.openqa.selenium.remote.http.W3CHttpResponseCodec.decode(W3CHttpResponseCodec.java:49)
	at org.openqa.selenium.remote.HttpCommandExecutor.execute(HttpCommandExecutor.java:158)
	at org.openqa.selenium.remote.service.DriverCommandExecutor.execute(DriverCommandExecutor.java:83)
	at org.openqa.selenium.remote.RemoteWebDriver.execute(RemoteWebDriver.java:552)
	at org.openqa.selenium.remote.RemoteWebElement.execute(RemoteWebElement.java:285)
	at org.openqa.selenium.remote.RemoteWebElement.sendKeys(RemoteWebElement.java:106)
	at jdk.internal.reflect.GeneratedMethodAccessor6.invoke(Unknown Source)
	at java.base/jdk.internal.reflect.DelegatingMethodAccessorImpl.invoke(DelegatingMethodAccessorImpl.java:43)
	at java.base/java.lang.reflect.Method.invoke(Method.java:566)
	at org.openqa.selenium.support.events.EventFiringWebDriver$EventFiringWebElement.lambda$new$0(EventFiringWebDriver.java:404)
	at com.sun.proxy.$Proxy13.sendKeys(Unknown Source)
	at org.openqa.selenium.support.events.EventFiringWebDriver$EventFiringWebElement.sendKeys(EventFiringWebDriver.java:429)
	at jdk.internal.reflect.GeneratedMethodAccessor6.invoke(Unknown Source)
	at java.base/jdk.internal.reflect.DelegatingMethodAccessorImpl.invoke(DelegatingMethodAccessorImpl.java:43)
	at java.base/java.lang.reflect.Method.invoke(Method.java:566)
	at org.openqa.selenium.support.pagefactory.internal.LocatingElementHandler.invoke(LocatingElementHandler.java:51)
	at com.sun.proxy.$Proxy12.sendKeys(Unknown Source)
	at com.qa.pages.SignUpPage.Signupdetails(SignUpPage.java:91)
	at com.qa.testcases.SignUpPageTest.completeregistration(SignUpPageTest.java:83)
</failure>
    <system-out>Print Data from excel[[Ljava.lang.Object;@73e4bb60
Before navigating to: &apos;http://dbankdemo.com/login&apos;
Navigated to:&apos;http://dbankdemo.com/login&apos;
Trying to find Element By : By.xpath: //a[contains(text(),&apos; Sign Up Here&apos;)]
Found Element By : By.xpath: //a[contains(text(),&apos; Sign Up Here&apos;)]
Trying to click on: [[ChromeDriver: chrome on WINDOWS (5b8b62b2da603b3a050153aadd8c80c3)] -&gt; xpath: //a[contains(text(),&apos; Sign Up Here&apos;)]]
Clicked on: [[ChromeDriver: chrome on WINDOWS (5b8b62b2da603b3a050153aadd8c80c3)] -&gt; xpath: //a[contains(text(),&apos; Sign Up Here&apos;)]]
Trying to find Element By : By.xpath: //select[@id=&quot;title&quot;]
Found Element By : By.xpath: //select[@id=&quot;title&quot;]
Trying to find Element By : By.xpath: .//option[normalize-space(.) = &quot;Ms.&quot;]
Found Element By : By.xpath: .//option[normalize-space(.) = &quot;Ms.&quot;]
Trying to click on: [[[[ChromeDriver: chrome on WINDOWS (5b8b62b2da603b3a050153aadd8c80c3)] -&gt; xpath: //select[@id=&quot;title&quot;]]] -&gt; xpath: .//option[normalize-space(.) = &quot;Ms.&quot;]]
Clicked on: [[[[ChromeDriver: chrome on WINDOWS (5b8b62b2da603b3a050153aadd8c80c3)] -&gt; xpath: //select[@id=&quot;title&quot;]]] -&gt; xpath: .//option[normalize-space(.) = &quot;Ms.&quot;]]
Trying to find Element By : By.xpath: //label[2]//*[@id=&quot;gender&quot;]
Found Element By : By.xpath: //label[2]//*[@id=&quot;gender&quot;]
Trying to click on: [[ChromeDriver: chrome on WINDOWS (5b8b62b2da603b3a050153aadd8c80c3)] -&gt; xpath: //label[2]//*[@id=&quot;gender&quot;]]
Clicked on: [[ChromeDriver: chrome on WINDOWS (5b8b62b2da603b3a050153aadd8c80c3)] -&gt; xpath: //label[2]//*[@id=&quot;gender&quot;]]
Trying to find Element By : By.id: firstName
Found Element By : By.id: firstName
Value of the:[[ChromeDriver: chrome on WINDOWS (5b8b62b2da603b3a050153aadd8c80c3)] -&gt; id: firstName] before any changes made
Element value changed to: [[ChromeDriver: chrome on WINDOWS (5b8b62b2da603b3a050153aadd8c80c3)] -&gt; id: firstName]
Trying to find Element By : By.id: lastName
Found Element By : By.id: lastName
Value of the:[[ChromeDriver: chrome on WINDOWS (5b8b62b2da603b3a050153aadd8c80c3)] -&gt; id: lastName] before any changes made
Element value changed to: [[ChromeDriver: chrome on WINDOWS (5b8b62b2da603b3a050153aadd8c80c3)] -&gt; id: lastName]
Trying to find Element By : By.xpath: //*[@id=&quot;dob&quot;]
Found Element By : By.xpath: //*[@id=&quot;dob&quot;]
Value of the:[[ChromeDriver: chrome on WINDOWS (5b8b62b2da603b3a050153aadd8c80c3)] -&gt; xpath: //*[@id=&quot;dob&quot;]] before any changes made
Element value changed to: [[ChromeDriver: chrome on WINDOWS (5b8b62b2da603b3a050153aadd8c80c3)] -&gt; xpath: //*[@id=&quot;dob&quot;]]
Trying to find Element By : By.id: ssn
Found Element By : By.id: ssn
Value of the:[[ChromeDriver: chrome on WINDOWS (5b8b62b2da603b3a050153aadd8c80c3)] -&gt; id: ssn] before any changes made
Element value changed to: [[ChromeDriver: chrome on WINDOWS (5b8b62b2da603b3a050153aadd8c80c3)] -&gt; id: ssn]
Trying to find Element By : By.id: emailAddress
Found Element By : By.id: emailAddress
Value of the:[[ChromeDriver: chrome on WINDOWS (5b8b62b2da603b3a050153aadd8c80c3)] -&gt; id: emailAddress] before any changes made
Element value changed to: [[ChromeDriver: chrome on WINDOWS (5b8b62b2da603b3a050153aadd8c80c3)] -&gt; id: emailAddress]
Trying to find Element By : By.xpath: //*[@id=&quot;password&quot;]
Found Element By : By.xpath: //*[@id=&quot;password&quot;]
Value of the:[[ChromeDriver: chrome on WINDOWS (5b8b62b2da603b3a050153aadd8c80c3)] -&gt; xpath: //*[@id=&quot;password&quot;]] before any changes made
Element value changed to: [[ChromeDriver: chrome on WINDOWS (5b8b62b2da603b3a050153aadd8c80c3)] -&gt; xpath: //*[@id=&quot;password&quot;]]
Trying to find Element By : By.xpath: //*[@id=&quot;confirmPassword&quot;]
Found Element By : By.xpath: //*[@id=&quot;confirmPassword&quot;]
Value of the:[[ChromeDriver: chrome on WINDOWS (5b8b62b2da603b3a050153aadd8c80c3)] -&gt; xpath: //*[@id=&quot;confirmPassword&quot;]] before any changes made
Element value changed to: [[ChromeDriver: chrome on WINDOWS (5b8b62b2da603b3a050153aadd8c80c3)] -&gt; xpath: //*[@id=&quot;confirmPassword&quot;]]
Trying to find Element By : By.xpath: //button[contains(text(),&apos;Next&apos;)]
Found Element By : By.xpath: //button[contains(text(),&apos;Next&apos;)]
Trying to click on: [[ChromeDriver: chrome on WINDOWS (5b8b62b2da603b3a050153aadd8c80c3)] -&gt; xpath: //button[contains(text(),&apos;Next&apos;)]]
Clicked on: [[ChromeDriver: chrome on WINDOWS (5b8b62b2da603b3a050153aadd8c80c3)] -&gt; xpath: //button[contains(text(),&apos;Next&apos;)]]
Trying to find Element By : By.xpath: //*[@id=&quot;address&quot;]
Found Element By : By.xpath: //*[@id=&quot;address&quot;]
Value of the:[[ChromeDriver: chrome on WINDOWS (5b8b62b2da603b3a050153aadd8c80c3)] -&gt; xpath: //*[@id=&quot;address&quot;]] before any changes made
Error Occuredorg.openqa.selenium.ElementNotInteractableException: element not interactable
  (Session info: chrome=84.0.4147.105)
Build info: version: &apos;3.141.59&apos;, revision: &apos;e82be7d358&apos;, time: &apos;2018-11-14T08:17:03&apos;
System info: host: &apos;LAPTOP-MD35P1KQ&apos;, ip: &apos;192.168.2.202&apos;, os.name: &apos;Windows 10&apos;, os.arch: &apos;amd64&apos;, os.version: &apos;10.0&apos;, java.version: &apos;11.0.2&apos;
Driver info: org.openqa.selenium.chrome.ChromeDriver
Capabilities {acceptInsecureCerts: false, browserName: chrome, browserVersion: 84.0.4147.105, chrome: {chromedriverVersion: 84.0.4147.30 (48b3e868b4cc0..., userDataDir: C:\Users\VARAPR~1\AppData\L...}, goog:chromeOptions: {debuggerAddress: localhost:9380}, javascriptEnabled: true, networkConnectionEnabled: false, pageLoadStrategy: normal, platform: WINDOWS, platformName: WINDOWS, proxy: Proxy(), setWindowRect: true, strictFileInteractability: false, timeouts: {implicit: 0, pageLoad: 300000, script: 30000}, unhandledPromptBehavior: dismiss and notify, webauthn:virtualAuthenticators: true}
Session ID: 5b8b62b2da603b3a050153aadd8c80c3
</system-out>
    <system-err>Starting ChromeDriver 84.0.4147.30 (48b3e868b4cc0aa7e8149519690b6f6949e110a8-refs/branch-heads/4147@{#310}) on port 38727
Only local connections are allowed.
Please see https://chromedriver.chromium.org/security-considerations for suggestions on keeping ChromeDriver safe.
ChromeDriver was started successfully.
Aug 06, 2020 3:47:25 PM org.openqa.selenium.remote.ProtocolHandshake createSession
INFO: Detected dialect: W3C
</system-err>
  </testcase>
  <testcase classname="com.qa.testcases.SignUpPageTest" name="completeregistration" time="18.106">
    <failure message="element not interactable
  (Session info: chrome=84.0.4147.105)
Build info: version: &apos;3.141.59&apos;, revision: &apos;e82be7d358&apos;, time: &apos;2018-11-14T08:17:03&apos;
System info: host: &apos;LAPTOP-MD35P1KQ&apos;, ip: &apos;192.168.2.202&apos;, os.name: &apos;Windows 10&apos;, os.arch: &apos;amd64&apos;, os.version: &apos;10.0&apos;, java.version: &apos;11.0.2&apos;
Driver info: org.openqa.selenium.chrome.ChromeDriver
Capabilities {acceptInsecureCerts: false, browserName: chrome, browserVersion: 84.0.4147.105, chrome: {chromedriverVersion: 84.0.4147.30 (48b3e868b4cc0..., userDataDir: C:\Users\VARAPR~1\AppData\L...}, goog:chromeOptions: {debuggerAddress: localhost:9552}, javascriptEnabled: true, networkConnectionEnabled: false, pageLoadStrategy: normal, platform: WINDOWS, platformName: WINDOWS, proxy: Proxy(), setWindowRect: true, strictFileInteractability: false, timeouts: {implicit: 0, pageLoad: 300000, script: 30000}, unhandledPromptBehavior: dismiss and notify, webauthn:virtualAuthenticators: true}
Session ID: 0ebaf2a0a5b8797349058769f284fe4d" type="org.openqa.selenium.ElementNotInteractableException">org.openqa.selenium.ElementNotInteractableException: element not interactable
  (Session info: chrome=84.0.4147.105)
Build info: version: &apos;3.141.59&apos;, revision: &apos;e82be7d358&apos;, time: &apos;2018-11-14T08:17:03&apos;
System info: host: &apos;LAPTOP-MD35P1KQ&apos;, ip: &apos;192.168.2.202&apos;, os.name: &apos;Windows 10&apos;, os.arch: &apos;amd64&apos;, os.version: &apos;10.0&apos;, java.version: &apos;11.0.2&apos;
Driver info: org.openqa.selenium.chrome.ChromeDriver
Capabilities {acceptInsecureCerts: false, browserName: chrome, browserVersion: 84.0.4147.105, chrome: {chromedriverVersion: 84.0.4147.30 (48b3e868b4cc0..., userDataDir: C:\Users\VARAPR~1\AppData\L...}, goog:chromeOptions: {debuggerAddress: localhost:9552}, javascriptEnabled: true, networkConnectionEnabled: false, pageLoadStrategy: normal, platform: WINDOWS, platformName: WINDOWS, proxy: Proxy(), setWindowRect: true, strictFileInteractability: false, timeouts: {implicit: 0, pageLoad: 300000, script: 30000}, unhandledPromptBehavior: dismiss and notify, webauthn:virtualAuthenticators: true}
Session ID: 0ebaf2a0a5b8797349058769f284fe4d
	at java.base/jdk.internal.reflect.NativeConstructorAccessorImpl.newInstance0(Native Method)
	at java.base/jdk.internal.reflect.NativeConstructorAccessorImpl.newInstance(NativeConstructorAccessorImpl.java:62)
	at java.base/jdk.internal.reflect.DelegatingConstructorAccessorImpl.newInstance(DelegatingConstructorAccessorImpl.java:45)
	at java.base/java.lang.reflect.Constructor.newInstance(Constructor.java:490)
	at org.openqa.selenium.remote.http.W3CHttpResponseCodec.createException(W3CHttpResponseCodec.java:187)
	at org.openqa.selenium.remote.http.W3CHttpResponseCodec.decode(W3CHttpResponseCodec.java:122)
	at org.openqa.selenium.remote.http.W3CHttpResponseCodec.decode(W3CHttpResponseCodec.java:49)
	at org.openqa.selenium.remote.HttpCommandExecutor.execute(HttpCommandExecutor.java:158)
	at org.openqa.selenium.remote.service.DriverCommandExecutor.execute(DriverCommandExecutor.java:83)
	at org.openqa.selenium.remote.RemoteWebDriver.execute(RemoteWebDriver.java:552)
	at org.openqa.selenium.remote.RemoteWebElement.execute(RemoteWebElement.java:285)
	at org.openqa.selenium.remote.RemoteWebElement.sendKeys(RemoteWebElement.java:106)
	at jdk.internal.reflect.GeneratedMethodAccessor6.invoke(Unknown Source)
	at java.base/jdk.internal.reflect.DelegatingMethodAccessorImpl.invoke(DelegatingMethodAccessorImpl.java:43)
	at java.base/java.lang.reflect.Method.invoke(Method.java:566)
	at org.openqa.selenium.support.events.EventFiringWebDriver$EventFiringWebElement.lambda$new$0(EventFiringWebDriver.java:404)
	at com.sun.proxy.$Proxy13.sendKeys(Unknown Source)
	at org.openqa.selenium.support.events.EventFiringWebDriver$EventFiringWebElement.sendKeys(EventFiringWebDriver.java:429)
	at jdk.internal.reflect.GeneratedMethodAccessor6.invoke(Unknown Source)
	at java.base/jdk.internal.reflect.DelegatingMethodAccessorImpl.invoke(DelegatingMethodAccessorImpl.java:43)
	at java.base/java.lang.reflect.Method.invoke(Method.java:566)
	at org.openqa.selenium.support.pagefactory.internal.LocatingElementHandler.invoke(LocatingElementHandler.java:51)
	at com.sun.proxy.$Proxy12.sendKeys(Unknown Source)
	at com.qa.pages.SignUpPage.Signupdetails(SignUpPage.java:91)
	at com.qa.testcases.SignUpPageTest.completeregistration(SignUpPageTest.java:83)
</failure>
    <system-out>Before navigating to: &apos;http://dbankdemo.com/login&apos;
Navigated to:&apos;http://dbankdemo.com/login&apos;
Trying to find Element By : By.xpath: //a[contains(text(),&apos; Sign Up Here&apos;)]
Found Element By : By.xpath: //a[contains(text(),&apos; Sign Up Here&apos;)]
Trying to click on: [[ChromeDriver: chrome on WINDOWS (0ebaf2a0a5b8797349058769f284fe4d)] -&gt; xpath: //a[contains(text(),&apos; Sign Up Here&apos;)]]
Clicked on: [[ChromeDriver: chrome on WINDOWS (0ebaf2a0a5b8797349058769f284fe4d)] -&gt; xpath: //a[contains(text(),&apos; Sign Up Here&apos;)]]
Trying to find Element By : By.xpath: //select[@id=&quot;title&quot;]
Found Element By : By.xpath: //select[@id=&quot;title&quot;]
Trying to find Element By : By.xpath: .//option[normalize-space(.) = &quot;Mr.&quot;]
Found Element By : By.xpath: .//option[normalize-space(.) = &quot;Mr.&quot;]
Trying to click on: [[[[ChromeDriver: chrome on WINDOWS (0ebaf2a0a5b8797349058769f284fe4d)] -&gt; xpath: //select[@id=&quot;title&quot;]]] -&gt; xpath: .//option[normalize-space(.) = &quot;Mr.&quot;]]
Clicked on: [[[[ChromeDriver: chrome on WINDOWS (0ebaf2a0a5b8797349058769f284fe4d)] -&gt; xpath: //select[@id=&quot;title&quot;]]] -&gt; xpath: .//option[normalize-space(.) = &quot;Mr.&quot;]]
Trying to find Element By : By.xpath: //label[1]//*[@id=&quot;gender&quot;]
Found Element By : By.xpath: //label[1]//*[@id=&quot;gender&quot;]
Trying to click on: [[ChromeDriver: chrome on WINDOWS (0ebaf2a0a5b8797349058769f284fe4d)] -&gt; xpath: //label[1]//*[@id=&quot;gender&quot;]]
Clicked on: [[ChromeDriver: chrome on WINDOWS (0ebaf2a0a5b8797349058769f284fe4d)] -&gt; xpath: //label[1]//*[@id=&quot;gender&quot;]]
Trying to find Element By : By.id: firstName
Found Element By : By.id: firstName
Value of the:[[ChromeDriver: chrome on WINDOWS (0ebaf2a0a5b8797349058769f284fe4d)] -&gt; id: firstName] before any changes made
Element value changed to: [[ChromeDriver: chrome on WINDOWS (0ebaf2a0a5b8797349058769f284fe4d)] -&gt; id: firstName]
Trying to find Element By : By.id: lastName
Found Element By : By.id: lastName
Value of the:[[ChromeDriver: chrome on WINDOWS (0ebaf2a0a5b8797349058769f284fe4d)] -&gt; id: lastName] before any changes made
Element value changed to: [[ChromeDriver: chrome on WINDOWS (0ebaf2a0a5b8797349058769f284fe4d)] -&gt; id: lastName]
Trying to find Element By : By.xpath: //*[@id=&quot;dob&quot;]
Found Element By : By.xpath: //*[@id=&quot;dob&quot;]
Value of the:[[ChromeDriver: chrome on WINDOWS (0ebaf2a0a5b8797349058769f284fe4d)] -&gt; xpath: //*[@id=&quot;dob&quot;]] before any changes made
Element value changed to: [[ChromeDriver: chrome on WINDOWS (0ebaf2a0a5b8797349058769f284fe4d)] -&gt; xpath: //*[@id=&quot;dob&quot;]]
Trying to find Element By : By.id: ssn
Found Element By : By.id: ssn
Value of the:[[ChromeDriver: chrome on WINDOWS (0ebaf2a0a5b8797349058769f284fe4d)] -&gt; id: ssn] before any changes made
Element value changed to: [[ChromeDriver: chrome on WINDOWS (0ebaf2a0a5b8797349058769f284fe4d)] -&gt; id: ssn]
Trying to find Element By : By.id: emailAddress
Found Element By : By.id: emailAddress
Value of the:[[ChromeDriver: chrome on WINDOWS (0ebaf2a0a5b8797349058769f284fe4d)] -&gt; id: emailAddress] before any changes made
Element value changed to: [[ChromeDriver: chrome on WINDOWS (0ebaf2a0a5b8797349058769f284fe4d)] -&gt; id: emailAddress]
Trying to find Element By : By.xpath: //*[@id=&quot;password&quot;]
Found Element By : By.xpath: //*[@id=&quot;password&quot;]
Value of the:[[ChromeDriver: chrome on WINDOWS (0ebaf2a0a5b8797349058769f284fe4d)] -&gt; xpath: //*[@id=&quot;password&quot;]] before any changes made
Element value changed to: [[ChromeDriver: chrome on WINDOWS (0ebaf2a0a5b8797349058769f284fe4d)] -&gt; xpath: //*[@id=&quot;password&quot;]]
Trying to find Element By : By.xpath: //*[@id=&quot;confirmPassword&quot;]
Found Element By : By.xpath: //*[@id=&quot;confirmPassword&quot;]
Value of the:[[ChromeDriver: chrome on WINDOWS (0ebaf2a0a5b8797349058769f284fe4d)] -&gt; xpath: //*[@id=&quot;confirmPassword&quot;]] before any changes made
Element value changed to: [[ChromeDriver: chrome on WINDOWS (0ebaf2a0a5b8797349058769f284fe4d)] -&gt; xpath: //*[@id=&quot;confirmPassword&quot;]]
Trying to find Element By : By.xpath: //button[contains(text(),&apos;Next&apos;)]
Found Element By : By.xpath: //button[contains(text(),&apos;Next&apos;)]
Trying to click on: [[ChromeDriver: chrome on WINDOWS (0ebaf2a0a5b8797349058769f284fe4d)] -&gt; xpath: //button[contains(text(),&apos;Next&apos;)]]
Clicked on: [[ChromeDriver: chrome on WINDOWS (0ebaf2a0a5b8797349058769f284fe4d)] -&gt; xpath: //button[contains(text(),&apos;Next&apos;)]]
Trying to find Element By : By.xpath: //*[@id=&quot;address&quot;]
Found Element By : By.xpath: //*[@id=&quot;address&quot;]
Value of the:[[ChromeDriver: chrome on WINDOWS (0ebaf2a0a5b8797349058769f284fe4d)] -&gt; xpath: //*[@id=&quot;address&quot;]] before any changes made
Error Occuredorg.openqa.selenium.ElementNotInteractableException: element not interactable
  (Session info: chrome=84.0.4147.105)
Build info: version: &apos;3.141.59&apos;, revision: &apos;e82be7d358&apos;, time: &apos;2018-11-14T08:17:03&apos;
System info: host: &apos;LAPTOP-MD35P1KQ&apos;, ip: &apos;192.168.2.202&apos;, os.name: &apos;Windows 10&apos;, os.arch: &apos;amd64&apos;, os.version: &apos;10.0&apos;, java.version: &apos;11.0.2&apos;
Driver info: org.openqa.selenium.chrome.ChromeDriver
Capabilities {acceptInsecureCerts: false, browserName: chrome, browserVersion: 84.0.4147.105, chrome: {chromedriverVersion: 84.0.4147.30 (48b3e868b4cc0..., userDataDir: C:\Users\VARAPR~1\AppData\L...}, goog:chromeOptions: {debuggerAddress: localhost:9552}, javascriptEnabled: true, networkConnectionEnabled: false, pageLoadStrategy: normal, platform: WINDOWS, platformName: WINDOWS, proxy: Proxy(), setWindowRect: true, strictFileInteractability: false, timeouts: {implicit: 0, pageLoad: 300000, script: 30000}, unhandledPromptBehavior: dismiss and notify, webauthn:virtualAuthenticators: true}
Session ID: 0ebaf2a0a5b8797349058769f284fe4d
</system-out>
    <system-err>Starting ChromeDriver 84.0.4147.30 (48b3e868b4cc0aa7e8149519690b6f6949e110a8-refs/branch-heads/4147@{#310}) on port 22873
Only local connections are allowed.
Please see https://chromedriver.chromium.org/security-considerations for suggestions on keeping ChromeDriver safe.
ChromeDriver was started successfully.
Aug 06, 2020 3:47:53 PM org.openqa.selenium.remote.ProtocolHandshake createSession
INFO: Detected dialect: W3C
</system-err>
  </testcase>
  <testcase classname="com.qa.testcases.SignUpPageTest" name="completeregistration" time="17.583">
    <failure message="element not interactable
  (Session info: chrome=84.0.4147.105)
Build info: version: &apos;3.141.59&apos;, revision: &apos;e82be7d358&apos;, time: &apos;2018-11-14T08:17:03&apos;
System info: host: &apos;LAPTOP-MD35P1KQ&apos;, ip: &apos;192.168.2.202&apos;, os.name: &apos;Windows 10&apos;, os.arch: &apos;amd64&apos;, os.version: &apos;10.0&apos;, java.version: &apos;11.0.2&apos;
Driver info: org.openqa.selenium.chrome.ChromeDriver
Capabilities {acceptInsecureCerts: false, browserName: chrome, browserVersion: 84.0.4147.105, chrome: {chromedriverVersion: 84.0.4147.30 (48b3e868b4cc0..., userDataDir: C:\Users\VARAPR~1\AppData\L...}, goog:chromeOptions: {debuggerAddress: localhost:9691}, javascriptEnabled: true, networkConnectionEnabled: false, pageLoadStrategy: normal, platform: WINDOWS, platformName: WINDOWS, proxy: Proxy(), setWindowRect: true, strictFileInteractability: false, timeouts: {implicit: 0, pageLoad: 300000, script: 30000}, unhandledPromptBehavior: dismiss and notify, webauthn:virtualAuthenticators: true}
Session ID: f9fd1e8d743bfa53c2bce23ce84cc8f6" type="org.openqa.selenium.ElementNotInteractableException">org.openqa.selenium.ElementNotInteractableException: element not interactable
  (Session info: chrome=84.0.4147.105)
Build info: version: &apos;3.141.59&apos;, revision: &apos;e82be7d358&apos;, time: &apos;2018-11-14T08:17:03&apos;
System info: host: &apos;LAPTOP-MD35P1KQ&apos;, ip: &apos;192.168.2.202&apos;, os.name: &apos;Windows 10&apos;, os.arch: &apos;amd64&apos;, os.version: &apos;10.0&apos;, java.version: &apos;11.0.2&apos;
Driver info: org.openqa.selenium.chrome.ChromeDriver
Capabilities {acceptInsecureCerts: false, browserName: chrome, browserVersion: 84.0.4147.105, chrome: {chromedriverVersion: 84.0.4147.30 (48b3e868b4cc0..., userDataDir: C:\Users\VARAPR~1\AppData\L...}, goog:chromeOptions: {debuggerAddress: localhost:9691}, javascriptEnabled: true, networkConnectionEnabled: false, pageLoadStrategy: normal, platform: WINDOWS, platformName: WINDOWS, proxy: Proxy(), setWindowRect: true, strictFileInteractability: false, timeouts: {implicit: 0, pageLoad: 300000, script: 30000}, unhandledPromptBehavior: dismiss and notify, webauthn:virtualAuthenticators: true}
Session ID: f9fd1e8d743bfa53c2bce23ce84cc8f6
	at java.base/jdk.internal.reflect.NativeConstructorAccessorImpl.newInstance0(Native Method)
	at java.base/jdk.internal.reflect.NativeConstructorAccessorImpl.newInstance(NativeConstructorAccessorImpl.java:62)
	at java.base/jdk.internal.reflect.DelegatingConstructorAccessorImpl.newInstance(DelegatingConstructorAccessorImpl.java:45)
	at java.base/java.lang.reflect.Constructor.newInstance(Constructor.java:490)
	at org.openqa.selenium.remote.http.W3CHttpResponseCodec.createException(W3CHttpResponseCodec.java:187)
	at org.openqa.selenium.remote.http.W3CHttpResponseCodec.decode(W3CHttpResponseCodec.java:122)
	at org.openqa.selenium.remote.http.W3CHttpResponseCodec.decode(W3CHttpResponseCodec.java:49)
	at org.openqa.selenium.remote.HttpCommandExecutor.execute(HttpCommandExecutor.java:158)
	at org.openqa.selenium.remote.service.DriverCommandExecutor.execute(DriverCommandExecutor.java:83)
	at org.openqa.selenium.remote.RemoteWebDriver.execute(RemoteWebDriver.java:552)
	at org.openqa.selenium.remote.RemoteWebElement.execute(RemoteWebElement.java:285)
	at org.openqa.selenium.remote.RemoteWebElement.sendKeys(RemoteWebElement.java:106)
	at jdk.internal.reflect.GeneratedMethodAccessor6.invoke(Unknown Source)
	at java.base/jdk.internal.reflect.DelegatingMethodAccessorImpl.invoke(DelegatingMethodAccessorImpl.java:43)
	at java.base/java.lang.reflect.Method.invoke(Method.java:566)
	at org.openqa.selenium.support.events.EventFiringWebDriver$EventFiringWebElement.lambda$new$0(EventFiringWebDriver.java:404)
	at com.sun.proxy.$Proxy13.sendKeys(Unknown Source)
	at org.openqa.selenium.support.events.EventFiringWebDriver$EventFiringWebElement.sendKeys(EventFiringWebDriver.java:429)
	at jdk.internal.reflect.GeneratedMethodAccessor6.invoke(Unknown Source)
	at java.base/jdk.internal.reflect.DelegatingMethodAccessorImpl.invoke(DelegatingMethodAccessorImpl.java:43)
	at java.base/java.lang.reflect.Method.invoke(Method.java:566)
	at org.openqa.selenium.support.pagefactory.internal.LocatingElementHandler.invoke(LocatingElementHandler.java:51)
	at com.sun.proxy.$Proxy12.sendKeys(Unknown Source)
	at com.qa.pages.SignUpPage.Signupdetails(SignUpPage.java:91)
	at com.qa.testcases.SignUpPageTest.completeregistration(SignUpPageTest.java:83)
</failure>
    <system-out>Before navigating to: &apos;http://dbankdemo.com/login&apos;
Navigated to:&apos;http://dbankdemo.com/login&apos;
Trying to find Element By : By.xpath: //a[contains(text(),&apos; Sign Up Here&apos;)]
Found Element By : By.xpath: //a[contains(text(),&apos; Sign Up Here&apos;)]
Trying to click on: [[ChromeDriver: chrome on WINDOWS (f9fd1e8d743bfa53c2bce23ce84cc8f6)] -&gt; xpath: //a[contains(text(),&apos; Sign Up Here&apos;)]]
Clicked on: [[ChromeDriver: chrome on WINDOWS (f9fd1e8d743bfa53c2bce23ce84cc8f6)] -&gt; xpath: //a[contains(text(),&apos; Sign Up Here&apos;)]]
Trying to find Element By : By.xpath: //select[@id=&quot;title&quot;]
Found Element By : By.xpath: //select[@id=&quot;title&quot;]
Trying to find Element By : By.xpath: .//option[normalize-space(.) = &quot;Mrs.&quot;]
Found Element By : By.xpath: .//option[normalize-space(.) = &quot;Mrs.&quot;]
Trying to click on: [[[[ChromeDriver: chrome on WINDOWS (f9fd1e8d743bfa53c2bce23ce84cc8f6)] -&gt; xpath: //select[@id=&quot;title&quot;]]] -&gt; xpath: .//option[normalize-space(.) = &quot;Mrs.&quot;]]
Clicked on: [[[[ChromeDriver: chrome on WINDOWS (f9fd1e8d743bfa53c2bce23ce84cc8f6)] -&gt; xpath: //select[@id=&quot;title&quot;]]] -&gt; xpath: .//option[normalize-space(.) = &quot;Mrs.&quot;]]
Trying to find Element By : By.xpath: //label[1]//*[@id=&quot;gender&quot;]
Found Element By : By.xpath: //label[1]//*[@id=&quot;gender&quot;]
Trying to click on: [[ChromeDriver: chrome on WINDOWS (f9fd1e8d743bfa53c2bce23ce84cc8f6)] -&gt; xpath: //label[1]//*[@id=&quot;gender&quot;]]
Clicked on: [[ChromeDriver: chrome on WINDOWS (f9fd1e8d743bfa53c2bce23ce84cc8f6)] -&gt; xpath: //label[1]//*[@id=&quot;gender&quot;]]
Trying to find Element By : By.id: firstName
Found Element By : By.id: firstName
Value of the:[[ChromeDriver: chrome on WINDOWS (f9fd1e8d743bfa53c2bce23ce84cc8f6)] -&gt; id: firstName] before any changes made
Element value changed to: [[ChromeDriver: chrome on WINDOWS (f9fd1e8d743bfa53c2bce23ce84cc8f6)] -&gt; id: firstName]
Trying to find Element By : By.id: lastName
Found Element By : By.id: lastName
Value of the:[[ChromeDriver: chrome on WINDOWS (f9fd1e8d743bfa53c2bce23ce84cc8f6)] -&gt; id: lastName] before any changes made
Element value changed to: [[ChromeDriver: chrome on WINDOWS (f9fd1e8d743bfa53c2bce23ce84cc8f6)] -&gt; id: lastName]
Trying to find Element By : By.xpath: //*[@id=&quot;dob&quot;]
Found Element By : By.xpath: //*[@id=&quot;dob&quot;]
Value of the:[[ChromeDriver: chrome on WINDOWS (f9fd1e8d743bfa53c2bce23ce84cc8f6)] -&gt; xpath: //*[@id=&quot;dob&quot;]] before any changes made
Element value changed to: [[ChromeDriver: chrome on WINDOWS (f9fd1e8d743bfa53c2bce23ce84cc8f6)] -&gt; xpath: //*[@id=&quot;dob&quot;]]
Trying to find Element By : By.id: ssn
Found Element By : By.id: ssn
Value of the:[[ChromeDriver: chrome on WINDOWS (f9fd1e8d743bfa53c2bce23ce84cc8f6)] -&gt; id: ssn] before any changes made
Element value changed to: [[ChromeDriver: chrome on WINDOWS (f9fd1e8d743bfa53c2bce23ce84cc8f6)] -&gt; id: ssn]
Trying to find Element By : By.id: emailAddress
Found Element By : By.id: emailAddress
Value of the:[[ChromeDriver: chrome on WINDOWS (f9fd1e8d743bfa53c2bce23ce84cc8f6)] -&gt; id: emailAddress] before any changes made
Element value changed to: [[ChromeDriver: chrome on WINDOWS (f9fd1e8d743bfa53c2bce23ce84cc8f6)] -&gt; id: emailAddress]
Trying to find Element By : By.xpath: //*[@id=&quot;password&quot;]
Found Element By : By.xpath: //*[@id=&quot;password&quot;]
Value of the:[[ChromeDriver: chrome on WINDOWS (f9fd1e8d743bfa53c2bce23ce84cc8f6)] -&gt; xpath: //*[@id=&quot;password&quot;]] before any changes made
Element value changed to: [[ChromeDriver: chrome on WINDOWS (f9fd1e8d743bfa53c2bce23ce84cc8f6)] -&gt; xpath: //*[@id=&quot;password&quot;]]
Trying to find Element By : By.xpath: //*[@id=&quot;confirmPassword&quot;]
Found Element By : By.xpath: //*[@id=&quot;confirmPassword&quot;]
Value of the:[[ChromeDriver: chrome on WINDOWS (f9fd1e8d743bfa53c2bce23ce84cc8f6)] -&gt; xpath: //*[@id=&quot;confirmPassword&quot;]] before any changes made
Element value changed to: [[ChromeDriver: chrome on WINDOWS (f9fd1e8d743bfa53c2bce23ce84cc8f6)] -&gt; xpath: //*[@id=&quot;confirmPassword&quot;]]
Trying to find Element By : By.xpath: //button[contains(text(),&apos;Next&apos;)]
Found Element By : By.xpath: //button[contains(text(),&apos;Next&apos;)]
Trying to click on: [[ChromeDriver: chrome on WINDOWS (f9fd1e8d743bfa53c2bce23ce84cc8f6)] -&gt; xpath: //button[contains(text(),&apos;Next&apos;)]]
Clicked on: [[ChromeDriver: chrome on WINDOWS (f9fd1e8d743bfa53c2bce23ce84cc8f6)] -&gt; xpath: //button[contains(text(),&apos;Next&apos;)]]
Trying to find Element By : By.xpath: //*[@id=&quot;address&quot;]
Found Element By : By.xpath: //*[@id=&quot;address&quot;]
Value of the:[[ChromeDriver: chrome on WINDOWS (f9fd1e8d743bfa53c2bce23ce84cc8f6)] -&gt; xpath: //*[@id=&quot;address&quot;]] before any changes made
Error Occuredorg.openqa.selenium.ElementNotInteractableException: element not interactable
  (Session info: chrome=84.0.4147.105)
Build info: version: &apos;3.141.59&apos;, revision: &apos;e82be7d358&apos;, time: &apos;2018-11-14T08:17:03&apos;
System info: host: &apos;LAPTOP-MD35P1KQ&apos;, ip: &apos;192.168.2.202&apos;, os.name: &apos;Windows 10&apos;, os.arch: &apos;amd64&apos;, os.version: &apos;10.0&apos;, java.version: &apos;11.0.2&apos;
Driver info: org.openqa.selenium.chrome.ChromeDriver
Capabilities {acceptInsecureCerts: false, browserName: chrome, browserVersion: 84.0.4147.105, chrome: {chromedriverVersion: 84.0.4147.30 (48b3e868b4cc0..., userDataDir: C:\Users\VARAPR~1\AppData\L...}, goog:chromeOptions: {debuggerAddress: localhost:9691}, javascriptEnabled: true, networkConnectionEnabled: false, pageLoadStrategy: normal, platform: WINDOWS, platformName: WINDOWS, proxy: Proxy(), setWindowRect: true, strictFileInteractability: false, timeouts: {implicit: 0, pageLoad: 300000, script: 30000}, unhandledPromptBehavior: dismiss and notify, webauthn:virtualAuthenticators: true}
Session ID: f9fd1e8d743bfa53c2bce23ce84cc8f6
</system-out>
    <system-err>Starting ChromeDriver 84.0.4147.30 (48b3e868b4cc0aa7e8149519690b6f6949e110a8-refs/branch-heads/4147@{#310}) on port 6395
Only local connections are allowed.
Please see https://chromedriver.chromium.org/security-considerations for suggestions on keeping ChromeDriver safe.
ChromeDriver was started successfully.
Aug 06, 2020 3:48:20 PM org.openqa.selenium.remote.ProtocolHandshake createSession
INFO: Detected dialect: W3C
</system-err>
  </testcase>
  <testcase classname="com.qa.testcases.SignUpPageTest" name="completeregistration" time="18.02">
    <failure message="element not interactable
  (Session info: chrome=84.0.4147.105)
Build info: version: &apos;3.141.59&apos;, revision: &apos;e82be7d358&apos;, time: &apos;2018-11-14T08:17:03&apos;
System info: host: &apos;LAPTOP-MD35P1KQ&apos;, ip: &apos;192.168.2.202&apos;, os.name: &apos;Windows 10&apos;, os.arch: &apos;amd64&apos;, os.version: &apos;10.0&apos;, java.version: &apos;11.0.2&apos;
Driver info: org.openqa.selenium.chrome.ChromeDriver
Capabilities {acceptInsecureCerts: false, browserName: chrome, browserVersion: 84.0.4147.105, chrome: {chromedriverVersion: 84.0.4147.30 (48b3e868b4cc0..., userDataDir: C:\Users\VARAPR~1\AppData\L...}, goog:chromeOptions: {debuggerAddress: localhost:9789}, javascriptEnabled: true, networkConnectionEnabled: false, pageLoadStrategy: normal, platform: WINDOWS, platformName: WINDOWS, proxy: Proxy(), setWindowRect: true, strictFileInteractability: false, timeouts: {implicit: 0, pageLoad: 300000, script: 30000}, unhandledPromptBehavior: dismiss and notify, webauthn:virtualAuthenticators: true}
Session ID: 9c74d6f753d6dc915184e4a77c892290" type="org.openqa.selenium.ElementNotInteractableException">org.openqa.selenium.ElementNotInteractableException: element not interactable
  (Session info: chrome=84.0.4147.105)
Build info: version: &apos;3.141.59&apos;, revision: &apos;e82be7d358&apos;, time: &apos;2018-11-14T08:17:03&apos;
System info: host: &apos;LAPTOP-MD35P1KQ&apos;, ip: &apos;192.168.2.202&apos;, os.name: &apos;Windows 10&apos;, os.arch: &apos;amd64&apos;, os.version: &apos;10.0&apos;, java.version: &apos;11.0.2&apos;
Driver info: org.openqa.selenium.chrome.ChromeDriver
Capabilities {acceptInsecureCerts: false, browserName: chrome, browserVersion: 84.0.4147.105, chrome: {chromedriverVersion: 84.0.4147.30 (48b3e868b4cc0..., userDataDir: C:\Users\VARAPR~1\AppData\L...}, goog:chromeOptions: {debuggerAddress: localhost:9789}, javascriptEnabled: true, networkConnectionEnabled: false, pageLoadStrategy: normal, platform: WINDOWS, platformName: WINDOWS, proxy: Proxy(), setWindowRect: true, strictFileInteractability: false, timeouts: {implicit: 0, pageLoad: 300000, script: 30000}, unhandledPromptBehavior: dismiss and notify, webauthn:virtualAuthenticators: true}
Session ID: 9c74d6f753d6dc915184e4a77c892290
	at java.base/jdk.internal.reflect.NativeConstructorAccessorImpl.newInstance0(Native Method)
	at java.base/jdk.internal.reflect.NativeConstructorAccessorImpl.newInstance(NativeConstructorAccessorImpl.java:62)
	at java.base/jdk.internal.reflect.DelegatingConstructorAccessorImpl.newInstance(DelegatingConstructorAccessorImpl.java:45)
	at java.base/java.lang.reflect.Constructor.newInstance(Constructor.java:490)
	at org.openqa.selenium.remote.http.W3CHttpResponseCodec.createException(W3CHttpResponseCodec.java:187)
	at org.openqa.selenium.remote.http.W3CHttpResponseCodec.decode(W3CHttpResponseCodec.java:122)
	at org.openqa.selenium.remote.http.W3CHttpResponseCodec.decode(W3CHttpResponseCodec.java:49)
	at org.openqa.selenium.remote.HttpCommandExecutor.execute(HttpCommandExecutor.java:158)
	at org.openqa.selenium.remote.service.DriverCommandExecutor.execute(DriverCommandExecutor.java:83)
	at org.openqa.selenium.remote.RemoteWebDriver.execute(RemoteWebDriver.java:552)
	at org.openqa.selenium.remote.RemoteWebElement.execute(RemoteWebElement.java:285)
	at org.openqa.selenium.remote.RemoteWebElement.sendKeys(RemoteWebElement.java:106)
	at jdk.internal.reflect.GeneratedMethodAccessor6.invoke(Unknown Source)
	at java.base/jdk.internal.reflect.DelegatingMethodAccessorImpl.invoke(DelegatingMethodAccessorImpl.java:43)
	at java.base/java.lang.reflect.Method.invoke(Method.java:566)
	at org.openqa.selenium.support.events.EventFiringWebDriver$EventFiringWebElement.lambda$new$0(EventFiringWebDriver.java:404)
	at com.sun.proxy.$Proxy13.sendKeys(Unknown Source)
	at org.openqa.selenium.support.events.EventFiringWebDriver$EventFiringWebElement.sendKeys(EventFiringWebDriver.java:429)
	at jdk.internal.reflect.GeneratedMethodAccessor6.invoke(Unknown Source)
	at java.base/jdk.internal.reflect.DelegatingMethodAccessorImpl.invoke(DelegatingMethodAccessorImpl.java:43)
	at java.base/java.lang.reflect.Method.invoke(Method.java:566)
	at org.openqa.selenium.support.pagefactory.internal.LocatingElementHandler.invoke(LocatingElementHandler.java:51)
	at com.sun.proxy.$Proxy12.sendKeys(Unknown Source)
	at com.qa.pages.SignUpPage.Signupdetails(SignUpPage.java:91)
	at com.qa.testcases.SignUpPageTest.completeregistration(SignUpPageTest.java:83)
</failure>
    <system-out>Before navigating to: &apos;http://dbankdemo.com/login&apos;
Navigated to:&apos;http://dbankdemo.com/login&apos;
Trying to find Element By : By.xpath: //a[contains(text(),&apos; Sign Up Here&apos;)]
Found Element By : By.xpath: //a[contains(text(),&apos; Sign Up Here&apos;)]
Trying to click on: [[ChromeDriver: chrome on WINDOWS (9c74d6f753d6dc915184e4a77c892290)] -&gt; xpath: //a[contains(text(),&apos; Sign Up Here&apos;)]]
Clicked on: [[ChromeDriver: chrome on WINDOWS (9c74d6f753d6dc915184e4a77c892290)] -&gt; xpath: //a[contains(text(),&apos; Sign Up Here&apos;)]]
Trying to find Element By : By.xpath: //select[@id=&quot;title&quot;]
Found Element By : By.xpath: //select[@id=&quot;title&quot;]
Trying to find Element By : By.xpath: .//option[normalize-space(.) = &quot;Mrs.&quot;]
Found Element By : By.xpath: .//option[normalize-space(.) = &quot;Mrs.&quot;]
Trying to click on: [[[[ChromeDriver: chrome on WINDOWS (9c74d6f753d6dc915184e4a77c892290)] -&gt; xpath: //select[@id=&quot;title&quot;]]] -&gt; xpath: .//option[normalize-space(.) = &quot;Mrs.&quot;]]
Clicked on: [[[[ChromeDriver: chrome on WINDOWS (9c74d6f753d6dc915184e4a77c892290)] -&gt; xpath: //select[@id=&quot;title&quot;]]] -&gt; xpath: .//option[normalize-space(.) = &quot;Mrs.&quot;]]
Trying to find Element By : By.xpath: //label[1]//*[@id=&quot;gender&quot;]
Found Element By : By.xpath: //label[1]//*[@id=&quot;gender&quot;]
Trying to click on: [[ChromeDriver: chrome on WINDOWS (9c74d6f753d6dc915184e4a77c892290)] -&gt; xpath: //label[1]//*[@id=&quot;gender&quot;]]
Clicked on: [[ChromeDriver: chrome on WINDOWS (9c74d6f753d6dc915184e4a77c892290)] -&gt; xpath: //label[1]//*[@id=&quot;gender&quot;]]
Trying to find Element By : By.id: firstName
Found Element By : By.id: firstName
Value of the:[[ChromeDriver: chrome on WINDOWS (9c74d6f753d6dc915184e4a77c892290)] -&gt; id: firstName] before any changes made
Element value changed to: [[ChromeDriver: chrome on WINDOWS (9c74d6f753d6dc915184e4a77c892290)] -&gt; id: firstName]
Trying to find Element By : By.id: lastName
Found Element By : By.id: lastName
Value of the:[[ChromeDriver: chrome on WINDOWS (9c74d6f753d6dc915184e4a77c892290)] -&gt; id: lastName] before any changes made
Element value changed to: [[ChromeDriver: chrome on WINDOWS (9c74d6f753d6dc915184e4a77c892290)] -&gt; id: lastName]
Trying to find Element By : By.xpath: //*[@id=&quot;dob&quot;]
Found Element By : By.xpath: //*[@id=&quot;dob&quot;]
Value of the:[[ChromeDriver: chrome on WINDOWS (9c74d6f753d6dc915184e4a77c892290)] -&gt; xpath: //*[@id=&quot;dob&quot;]] before any changes made
Element value changed to: [[ChromeDriver: chrome on WINDOWS (9c74d6f753d6dc915184e4a77c892290)] -&gt; xpath: //*[@id=&quot;dob&quot;]]
Trying to find Element By : By.id: ssn
Found Element By : By.id: ssn
Value of the:[[ChromeDriver: chrome on WINDOWS (9c74d6f753d6dc915184e4a77c892290)] -&gt; id: ssn] before any changes made
Element value changed to: [[ChromeDriver: chrome on WINDOWS (9c74d6f753d6dc915184e4a77c892290)] -&gt; id: ssn]
Trying to find Element By : By.id: emailAddress
Found Element By : By.id: emailAddress
Value of the:[[ChromeDriver: chrome on WINDOWS (9c74d6f753d6dc915184e4a77c892290)] -&gt; id: emailAddress] before any changes made
Element value changed to: [[ChromeDriver: chrome on WINDOWS (9c74d6f753d6dc915184e4a77c892290)] -&gt; id: emailAddress]
Trying to find Element By : By.xpath: //*[@id=&quot;password&quot;]
Found Element By : By.xpath: //*[@id=&quot;password&quot;]
Value of the:[[ChromeDriver: chrome on WINDOWS (9c74d6f753d6dc915184e4a77c892290)] -&gt; xpath: //*[@id=&quot;password&quot;]] before any changes made
Element value changed to: [[ChromeDriver: chrome on WINDOWS (9c74d6f753d6dc915184e4a77c892290)] -&gt; xpath: //*[@id=&quot;password&quot;]]
Trying to find Element By : By.xpath: //*[@id=&quot;confirmPassword&quot;]
Found Element By : By.xpath: //*[@id=&quot;confirmPassword&quot;]
Value of the:[[ChromeDriver: chrome on WINDOWS (9c74d6f753d6dc915184e4a77c892290)] -&gt; xpath: //*[@id=&quot;confirmPassword&quot;]] before any changes made
Element value changed to: [[ChromeDriver: chrome on WINDOWS (9c74d6f753d6dc915184e4a77c892290)] -&gt; xpath: //*[@id=&quot;confirmPassword&quot;]]
Trying to find Element By : By.xpath: //button[contains(text(),&apos;Next&apos;)]
Found Element By : By.xpath: //button[contains(text(),&apos;Next&apos;)]
Trying to click on: [[ChromeDriver: chrome on WINDOWS (9c74d6f753d6dc915184e4a77c892290)] -&gt; xpath: //button[contains(text(),&apos;Next&apos;)]]
Clicked on: [[ChromeDriver: chrome on WINDOWS (9c74d6f753d6dc915184e4a77c892290)] -&gt; xpath: //button[contains(text(),&apos;Next&apos;)]]
Trying to find Element By : By.xpath: //*[@id=&quot;address&quot;]
Found Element By : By.xpath: //*[@id=&quot;address&quot;]
Value of the:[[ChromeDriver: chrome on WINDOWS (9c74d6f753d6dc915184e4a77c892290)] -&gt; xpath: //*[@id=&quot;address&quot;]] before any changes made
Error Occuredorg.openqa.selenium.ElementNotInteractableException: element not interactable
  (Session info: chrome=84.0.4147.105)
Build info: version: &apos;3.141.59&apos;, revision: &apos;e82be7d358&apos;, time: &apos;2018-11-14T08:17:03&apos;
System info: host: &apos;LAPTOP-MD35P1KQ&apos;, ip: &apos;192.168.2.202&apos;, os.name: &apos;Windows 10&apos;, os.arch: &apos;amd64&apos;, os.version: &apos;10.0&apos;, java.version: &apos;11.0.2&apos;
Driver info: org.openqa.selenium.chrome.ChromeDriver
Capabilities {acceptInsecureCerts: false, browserName: chrome, browserVersion: 84.0.4147.105, chrome: {chromedriverVersion: 84.0.4147.30 (48b3e868b4cc0..., userDataDir: C:\Users\VARAPR~1\AppData\L...}, goog:chromeOptions: {debuggerAddress: localhost:9789}, javascriptEnabled: true, networkConnectionEnabled: false, pageLoadStrategy: normal, platform: WINDOWS, platformName: WINDOWS, proxy: Proxy(), setWindowRect: true, strictFileInteractability: false, timeouts: {implicit: 0, pageLoad: 300000, script: 30000}, unhandledPromptBehavior: dismiss and notify, webauthn:virtualAuthenticators: true}
Session ID: 9c74d6f753d6dc915184e4a77c892290
</system-out>
    <system-err>Starting ChromeDriver 84.0.4147.30 (48b3e868b4cc0aa7e8149519690b6f6949e110a8-refs/branch-heads/4147@{#310}) on port 37416
Only local connections are allowed.
Please see https://chromedriver.chromium.org/security-considerations for suggestions on keeping ChromeDriver safe.
ChromeDriver was started successfully.
Aug 06, 2020 3:48:47 PM org.openqa.selenium.remote.ProtocolHandshake createSession
INFO: Detected dialect: W3C
</system-err>
  </testcase>
  <testcase classname="com.qa.testcases.ViewCheckingPageTest" name="checkview" time="2.121"/>
  <testcase classname="com.qa.testcases.ViewCheckingPageTest" name="toogle" time="4.48"/>
</testsuite>